生成启动时间为 2019/10/19 17:03:47。
     1>项目“C:\Users\20961\Desktop\DataStruct\test-10-8\test-10-8\test-10-8.vcxproj”在节点 2 上(Build 个目标)。
     1>ClCompile:
         C:\Program Files (x86)\Microsoft Visual Studio 12.0\VC\bin\CL.exe /c /ZI /nologo /W3 /WX- /sdl /Od /Oy- /D WIN32 /D _DEBUG /D _CONSOLE /D _LIB /D _UNICODE /D UNICODE /Gm /EHsc /RTC1 /MDd /GS /fp:precise /Zc:wchar_t /Zc:forScope /Fo"Debug\\" /Fd"Debug\vc120.pdb" /Gd /TC /analyze- /errorReport:prompt TestMain.c
         TestMain.c
     1>c:\users\20961\desktop\datastruct\test-10-8\test-10-8\seqlist.h(80): warning C4018: “<”: 有符号/无符号不匹配
     1>c:\users\20961\desktop\datastruct\test-10-8\test-10-8\seqlist.h(111): warning C4018: “<”: 有符号/无符号不匹配
     1>c:\users\20961\desktop\datastruct\test-10-8\test-10-8\seqlist.h(212): warning C4553: “==”: 运算符不起任何作用；是否是有意使用“=”的?
     1>c:\users\20961\desktop\datastruct\test-10-8\test-10-8\seqlist.h(224): warning C4018: “>”: 有符号/无符号不匹配
     1>c:\users\20961\desktop\datastruct\test-10-8\test-10-8\seqlist.h(226): warning C4018: “<”: 有符号/无符号不匹配
     1>c:\users\20961\desktop\datastruct\test-10-8\test-10-8\seqlist.h(248): warning C4018: “<”: 有符号/无符号不匹配
     1>c:\users\20961\desktop\datastruct\test-10-8\test-10-8\seqlist.h(259): warning C4018: “>”: 有符号/无符号不匹配
     1>c:\users\20961\desktop\datastruct\test-10-8\test-10-8\seqlist.h(270): warning C4018: “<”: 有符号/无符号不匹配
     1>c:\users\20961\desktop\datastruct\test-10-8\test-10-8\stack.h(27): warning C4018: “>=”: 有符号/无符号不匹配
     1>c:\users\20961\desktop\datastruct\test-10-8\test-10-8\stack.h(60): warning C4033: “SeqStackTop”必须返回值
     1>c:\users\20961\desktop\datastruct\test-10-8\test-10-8\stack.h(114): error C2223: “->data”的左侧必须指向结构/联合
     1>c:\users\20961\desktop\datastruct\test-10-8\test-10-8\stack.h(115): error C2223: “->next”的左侧必须指向结构/联合
     1>c:\users\20961\desktop\datastruct\test-10-8\test-10-8\stack.h(116): warning C4047: “=”:“ListStack”与“ListStack *”的间接级别不同
     1>c:\users\20961\desktop\datastruct\test-10-8\test-10-8\stack.h(135): warning C4028: 形参 1 与声明不同
     1>已完成生成项目“C:\Users\20961\Desktop\DataStruct\test-10-8\test-10-8\test-10-8.vcxproj”(Build 个目标)的操作 - 失败。

生成失败。

已用时间 00:00:00.92
